<?xml version="1.0" encoding="UTF-8"?>
<!-- Generated by org.testng.reporters.JUnitXMLReporter -->
<testsuite ignored="6" hostname="sis-PC" failures="0" tests="7" name="Test" time="148.881" errors="0" timestamp="2022-02-23T20:11:18 IST">
  <testcase classname="Testcases.Productavailability" name="product" time="23.117"/>
  <testcase classname="Testcases.VerifyProduct" name="availabilityofproduct" time="11.148"/>
  <testcase classname="Testcases.Demo" name="verifyLogo" time="6.295"/>
  <testcase classname="Testcases.Loginpagetest" name="loginpage" time="6.221"/>
  <testcase classname="Testcases.Loginpagetest" name="loginpage" time="26.534"/>
  <testcase classname="Testcases.Loginpagetest" name="loginpage" time="6.12"/>
  <testcase classname="Testcases.Loginpagetest" name="loginpage" time="5.79"/>
  <testcase classname="flipkart.Baseclass" name="@BeforeSuite setreports" time="0.0">
    <ignored/>
  </testcase> <!-- @BeforeSuite setreports -->
  <testcase classname="flipkart.Baseclass" name="@BeforeSuite setreports" time="0.0">
    <ignored/>
  </testcase> <!-- @BeforeSuite setreports -->
  <testcase classname="flipkart.Baseclass" name="@BeforeSuite setreports" time="0.0">
    <ignored/>
  </testcase> <!-- @BeforeSuite setreports -->
  <testcase classname="flipkart.Baseclass" name="@AfterSuite later" time="0.0">
    <ignored/>
  </testcase> <!-- @AfterSuite later -->
  <testcase classname="flipkart.Baseclass" name="@AfterSuite later" time="0.0">
    <ignored/>
  </testcase> <!-- @AfterSuite later -->
  <testcase classname="flipkart.Baseclass" name="@AfterSuite later" time="0.0">
    <ignored/>
  </testcase> <!-- @AfterSuite later -->
</testsuite> <!-- Test -->
