<?xml version="1.0" encoding="UTF-8"?>
<!-- Generated by org.testng.reporters.JUnitXMLReporter -->
<testsuite ignored="6" hostname="sis-PC" failures="0" tests="7" name="Test" time="155.136" errors="0" timestamp="2022-02-24T14:02:53 IST">
  <testcase classname="Testcases.Productavailability" name="product" time="25.379"/>
  <testcase classname="Testcases.VerifyProduct" name="availabilityofproduct" time="12.395"/>
  <testcase classname="Testcases.Demo" name="verifyLogo" time="6.088"/>
  <testcase classname="Testcases.Loginpagetest" name="loginpage" time="5.735"/>
  <testcase classname="Testcases.Loginpagetest" name="loginpage" time="28.447"/>
  <testcase classname="Testcases.Loginpagetest" name="loginpage" time="5.886"/>
  <testcase classname="Testcases.Loginpagetest" name="loginpage" time="5.485"/>
  <testcase classname="flipkart.Baseclass" name="@BeforeSuite setreports" time="0.0">
    <ignored/>
  </testcase> <!-- @BeforeSuite setreports -->
  <testcase classname="flipkart.Baseclass" name="@BeforeSuite setreports" time="0.0">
    <ignored/>
  </testcase> <!-- @BeforeSuite setreports -->
  <testcase classname="flipkart.Baseclass" name="@BeforeSuite setreports" time="0.0">
    <ignored/>
  </testcase> <!-- @BeforeSuite setreports -->
  <testcase classname="flipkart.Baseclass" name="@AfterSuite later" time="0.0">
    <ignored/>
  </testcase> <!-- @AfterSuite later -->
  <testcase classname="flipkart.Baseclass" name="@AfterSuite later" time="0.0">
    <ignored/>
  </testcase> <!-- @AfterSuite later -->
  <testcase classname="flipkart.Baseclass" name="@AfterSuite later" time="0.0">
    <ignored/>
  </testcase> <!-- @AfterSuite later -->
</testsuite> <!-- Test -->
