<?xml version="1.0" encoding="UTF-8"?>
<!-- Generated by org.testng.reporters.JUnitXMLReporter -->
<testsuite ignored="8" hostname="sis-PC" failures="1" tests="5" name="Test" time="124.683" errors="0" timestamp="2022-02-23T14:00:27 IST">
  <testcase classname="Testcases.Productavailability" name="product" time="26.208"/>
  <testcase classname="Testcases.Loginpagetest" name="loginpage" time="9.3"/>
  <testcase classname="Testcases.Loginpagetest" name="loginpage" time="21.063">
    <failure type="org.openqa.selenium.NoSuchElementException" message="no such element: Unable to locate element: {&amp;quot;method&amp;quot;:&amp;quot;xpath&amp;quot;,&amp;quot;selector&amp;quot;:&amp;quot;//span[text()=&amp;apos;Your username or password is incorrect&amp;apos;]&amp;quot;}
  (Session info: chrome=98.0.4758.102)
For documentation on this error, please visit: https://selenium.dev/exceptions/#no_such_element
Build info: version: &amp;apos;4.1.0&amp;apos;, revision: &amp;apos;87802e897b&amp;apos;
System info: host: &amp;apos;SIS-PC&amp;apos;, ip: &amp;apos;192.168.29.16&amp;apos;, os.name: &amp;apos;Windows 7&amp;apos;, os.arch: &amp;apos;amd64&amp;apos;, os.version: &amp;apos;6.1&amp;apos;, java.version: &amp;apos;11.0.13&amp;apos;
Driver info: org.openqa.selenium.chrome.ChromeDriver
Command: [06c3468f261e4141582f388866056368, findElement {using=xpath, value=//span[text()=&amp;apos;Your username or password is incorrect&amp;apos;]}]
Capabilities {acceptInsecureCerts: false, browserName: chrome, browserVersion: 98.0.4758.102, chrome: {chromedriverVersion: 98.0.4758.80 (7f0488e8ba0d8..., userDataDir: C:\Users\ADMINI~1\AppData\L...}, goog:chromeOptions: {debuggerAddress: localhost:60198}, javascriptEnabled: true, networkConnectionEnabled: false, pageLoadStrategy: normal, platform: WINDOWS, platformName: WINDOWS, proxy: Proxy(), se:cdp: ws://localhost:60198/devtoo..., se:cdpVersion: 98.0.4758.102, setWindowRect: true, strictFileInteractability: false, timeouts: {implicit: 0, pageLoad: 300000, script: 30000}, unhandledPromptBehavior: dismiss and notify, webauthn:extension:credBlob: true, webauthn:extension:largeBlob: true, webauthn:virtualAuthenticators: true}
Session ID: 06c3468f261e4141582f388866056368">
      <![CDATA[org.openqa.selenium.NoSuchElementException: no such element: Unable to locate element: {"method":"xpath","selector":"//span[text()='Your username or password is incorrect']"}
  (Session info: chrome=98.0.4758.102)
For documentation on this error, please visit: https://selenium.dev/exceptions/#no_such_element
Build info: version: '4.1.0', revision: '87802e897b'
System info: host: 'SIS-PC', ip: '192.168.29.16', os.name: 'Windows 7', os.arch: 'amd64', os.version: '6.1', java.version: '11.0.13'
Driver info: org.openqa.selenium.chrome.ChromeDriver
Command: [06c3468f261e4141582f388866056368, findElement {using=xpath, value=//span[text()='Your username or password is incorrect']}]
Capabilities {acceptInsecureCerts: false, browserName: chrome, browserVersion: 98.0.4758.102, chrome: {chromedriverVersion: 98.0.4758.80 (7f0488e8ba0d8..., userDataDir: C:\Users\ADMINI~1\AppData\L...}, goog:chromeOptions: {debuggerAddress: localhost:60198}, javascriptEnabled: true, networkConnectionEnabled: false, pageLoadStrategy: normal, platform: WINDOWS, platformName: WINDOWS, proxy: Proxy(), se:cdp: ws://localhost:60198/devtoo..., se:cdpVersion: 98.0.4758.102, setWindowRect: true, strictFileInteractability: false, timeouts: {implicit: 0, pageLoad: 300000, script: 30000}, unhandledPromptBehavior: dismiss and notify, webauthn:extension:credBlob: true, webauthn:extension:largeBlob: true, webauthn:virtualAuthenticators: true}
Session ID: 06c3468f261e4141582f388866056368
at org.openqa.selenium.remote.codec.w3c.W3CHttpResponseCodec.createException(W3CHttpResponseCodec.java:200)
at org.openqa.selenium.remote.codec.w3c.W3CHttpResponseCodec.decode(W3CHttpResponseCodec.java:133)
at org.openqa.selenium.remote.codec.w3c.W3CHttpResponseCodec.decode(W3CHttpResponseCodec.java:53)
at org.openqa.selenium.remote.HttpCommandExecutor.execute(HttpCommandExecutor.java:184)
at org.openqa.selenium.remote.service.DriverCommandExecutor.invokeExecute(DriverCommandExecutor.java:164)
at org.openqa.selenium.remote.service.DriverCommandExecutor.execute(DriverCommandExecutor.java:139)
at org.openqa.selenium.remote.RemoteWebDriver.execute(RemoteWebDriver.java:559)
at org.openqa.selenium.remote.ElementLocation$ElementFinder$2.findElement(ElementLocation.java:162)
at org.openqa.selenium.remote.ElementLocation.findElement(ElementLocation.java:60)
at org.openqa.selenium.remote.RemoteWebDriver.findElement(RemoteWebDriver.java:383)
at org.openqa.selenium.remote.RemoteWebDriver.findElement(RemoteWebDriver.java:375)
at org.openqa.selenium.support.pagefactory.DefaultElementLocator.findElement(DefaultElementLocator.java:70)
at org.openqa.selenium.support.pagefactory.internal.LocatingElementHandler.invoke(LocatingElementHandler.java:39)
at com.sun.proxy.$Proxy17.getText(Unknown Source)
at flipkart.Login.loginclick(Login.java:64)
at Testcases.Loginpagetest.loginpage(Loginpagetest.java:34)
at java.base/java.util.ArrayList.forEach(ArrayList.java:1541)
... Removed 35 stack frames]]>
    </failure>
  </testcase> <!-- loginpage -->
  <testcase classname="Testcases.Loginpagetest" name="loginpage" time="6.457"/>
  <testcase classname="Testcases.Loginpagetest" name="loginpage" time="6.3"/>
  <testcase classname="flipkart.Baseclass" name="@BeforeSuite setreports" time="0.0">
    <ignored/>
  </testcase> <!-- @BeforeSuite setreports -->
  <testcase classname="flipkart.Baseclass" name="@BeforeSuite setreports" time="0.0">
    <ignored/>
  </testcase> <!-- @BeforeSuite setreports -->
  <testcase classname="flipkart.Baseclass" name="@BeforeSuite setreports" time="0.0">
    <ignored/>
  </testcase> <!-- @BeforeSuite setreports -->
  <testcase classname="Testcases.Demo" name="verifyLogo" time="0.0">
    <ignored/>
  </testcase> <!-- verifyLogo -->
  <testcase classname="Testcases.VerifyProduct" name="availabilityofproduct" time="0.0">
    <ignored/>
  </testcase> <!-- availabilityofproduct -->
  <testcase classname="flipkart.Baseclass" name="@AfterSuite later" time="0.0">
    <ignored/>
  </testcase> <!-- @AfterSuite later -->
  <testcase classname="flipkart.Baseclass" name="@AfterSuite later" time="0.0">
    <ignored/>
  </testcase> <!-- @AfterSuite later -->
  <testcase classname="flipkart.Baseclass" name="@AfterSuite later" time="0.0">
    <ignored/>
  </testcase> <!-- @AfterSuite later -->
</testsuite> <!-- Test -->
