<?xml version="1.0" encoding="UTF-8"?>
<testsuite xmlns:xsi="http://www.w3.org/2001/XMLSchema-instance" xsi:noNamespaceSchemaLocation="https://maven.apache.org/surefire/maven-surefire-plugin/xsd/surefire-test-report-3.0.xsd" version="3.0" name="TestSuite" time="158.811" tests="7" errors="0" skipped="0" failures="0">
  <properties>
[...]
</properties>
  <testcase name="product[9701763306, prava@56789, registered user](1)" classname="Testcases.Productavailability" time="22.989">
    <system-out><![CDATA[2022-02-23 20:12:09 DEBUG InternalLoggerFactory:89 - Using Log4J as the default logging framework
2022-02-23 20:12:09 DEBUG ResourceLeakDetector:129 - -Dio.netty.leakDetection.level: simple
2022-02-23 20:12:09 DEBUG ResourceLeakDetector:130 - -Dio.netty.leakDetection.targetRecords: 4
2022-02-23 20:12:09 DEBUG ResourceLeakDetectorFactory:196 - Loaded default ResourceLeakDetector: io.netty.util.ResourceLeakDetector@7f650fd4
2022-02-23 20:12:09 DEBUG PlatformDependent0:460 - -Dio.netty.noUnsafe: false
2022-02-23 20:12:09 DEBUG PlatformDependent0:954 - Java version: 11
2022-02-23 20:12:09 DEBUG PlatformDependent0:135 - sun.misc.Unsafe.theUnsafe: available
2022-02-23 20:12:09 DEBUG PlatformDependent0:159 - sun.misc.Unsafe.copyMemory: available
2022-02-23 20:12:09 DEBUG PlatformDependent0:202 - java.nio.Buffer.address: available
2022-02-23 20:12:09 DEBUG PlatformDependent0:285 - direct buffer constructor: unavailable: Reflective setAccessible(true) disabled
2022-02-23 20:12:09 DEBUG PlatformDependent0:350 - java.nio.Bits.unaligned: available, true
2022-02-23 20:12:09 DEBUG PlatformDependent0:417 - jdk.internal.misc.Unsafe.allocateUninitializedArray(int): unavailable: class io.netty.util.internal.PlatformDependent0$6 cannot access class jdk.internal.misc.Unsafe (in module java.base) because module java.base does not export jdk.internal.misc to unnamed module @1e32d52a
2022-02-23 20:12:09 DEBUG PlatformDependent0:446 - java.nio.DirectByteBuffer.<init>(long, int): unavailable
2022-02-23 20:12:09 DEBUG PlatformDependent:1103 - sun.misc.Unsafe: available
2022-02-23 20:12:09 DEBUG PlatformDependent:1205 - maxDirectMemory: 1065353216 bytes (maybe)
2022-02-23 20:12:09 DEBUG PlatformDependent:1224 - -Dio.netty.tmpdir: C:\Users\ADMINI~1\AppData\Local\Temp (java.io.tmpdir)
2022-02-23 20:12:09 DEBUG PlatformDependent:1303 - -Dio.netty.bitMode: 64 (sun.arch.data.model)
2022-02-23 20:12:09 DEBUG PlatformDependent:1063 - Platform: Windows
2022-02-23 20:12:09 DEBUG PlatformDependent:178 - -Dio.netty.maxDirectMemory: -1 bytes
2022-02-23 20:12:09 DEBUG PlatformDependent:185 - -Dio.netty.uninitializedArrayAllocationThreshold: -1
2022-02-23 20:12:09 DEBUG CleanerJava9:71 - java.nio.ByteBuffer.cleaner(): available
2022-02-23 20:12:09 DEBUG PlatformDependent:205 - -Dio.netty.noPreferDirect: false
2022-02-23 20:12:09 DEBUG PlatformDependent:967 - org.jctools-core.MpscChunkedArrayQueue: available
2022-02-23 20:12:09 DEBUG InternalThreadLocalMap:83 - -Dio.netty.threadLocalMap.stringBuilder.initialSize: 1024
2022-02-23 20:12:09 DEBUG InternalThreadLocalMap:86 - -Dio.netty.threadLocalMap.stringBuilder.maxSize: 4096
2022-02-23 20:12:10 DEBUG JdkSslContext:97 - Default protocols (JDK): [TLSv1.3, TLSv1.2] 
2022-02-23 20:12:10 DEBUG JdkSslContext:98 - Default cipher suites (JDK): [TLS_ECDHE_ECDSA_WITH_AES_256_GCM_SHA384, TLS_ECDHE_ECDSA_WITH_AES_128_GCM_SHA256, TLS_ECDHE_RSA_WITH_AES_128_GCM_SHA256, TLS_ECDHE_RSA_WITH_AES_256_GCM_SHA384, TLS_ECDHE_RSA_WITH_AES_128_CBC_SHA, TLS_ECDHE_RSA_WITH_AES_256_CBC_SHA, TLS_RSA_WITH_AES_128_GCM_SHA256, TLS_RSA_WITH_AES_128_CBC_SHA, TLS_RSA_WITH_AES_256_CBC_SHA, TLS_AES_128_GCM_SHA256, TLS_AES_256_GCM_SHA384]
2022-02-23 20:12:10 DEBUG MultithreadEventLoopGroup:44 - -Dio.netty.eventLoopThreads: 4
2022-02-23 20:12:10 DEBUG NioEventLoop:106 - -Dio.netty.noKeySetOptimization: false
2022-02-23 20:12:10 DEBUG NioEventLoop:107 - -Dio.netty.selectorAutoRebuildThreshold: 512
2022-02-23 20:12:10 DEBUG PooledByteBufAllocator:155 - -Dio.netty.allocator.numHeapArenas: 4
2022-02-23 20:12:10 DEBUG PooledByteBufAllocator:156 - -Dio.netty.allocator.numDirectArenas: 4
2022-02-23 20:12:10 DEBUG PooledByteBufAllocator:158 - -Dio.netty.allocator.pageSize: 8192
2022-02-23 20:12:10 DEBUG PooledByteBufAllocator:163 - -Dio.netty.allocator.maxOrder: 11
2022-02-23 20:12:10 DEBUG PooledByteBufAllocator:167 - -Dio.netty.allocator.chunkSize: 16777216
2022-02-23 20:12:10 DEBUG PooledByteBufAllocator:168 - -Dio.netty.allocator.smallCacheSize: 256
2022-02-23 20:12:10 DEBUG PooledByteBufAllocator:169 - -Dio.netty.allocator.normalCacheSize: 64
2022-02-23 20:12:10 DEBUG PooledByteBufAllocator:170 - -Dio.netty.allocator.maxCachedBufferCapacity: 32768
2022-02-23 20:12:10 DEBUG PooledByteBufAllocator:171 - -Dio.netty.allocator.cacheTrimInterval: 8192
2022-02-23 20:12:10 DEBUG PooledByteBufAllocator:172 - -Dio.netty.allocator.cacheTrimIntervalMillis: 0
2022-02-23 20:12:10 DEBUG PooledByteBufAllocator:173 - -Dio.netty.allocator.useCacheForAllThreads: true
2022-02-23 20:12:10 DEBUG PooledByteBufAllocator:174 - -Dio.netty.allocator.maxCachedByteBuffersPerChunk: 1023
2022-02-23 20:12:10 DEBUG ByteBufUtil:87 - -Dio.netty.allocator.type: pooled
2022-02-23 20:12:10 DEBUG ByteBufUtil:96 - -Dio.netty.threadLocalDirectBufferSize: 0
2022-02-23 20:12:10 DEBUG ByteBufUtil:99 - -Dio.netty.maxThreadLocalCharBufferSize: 16384
2022-02-23 20:12:12 DEBUG DefaultChannelId:79 - -Dio.netty.processId: 2536 (auto-detected)
2022-02-23 20:12:12 DEBUG NetUtil:135 - -Djava.net.preferIPv4Stack: false
2022-02-23 20:12:12 DEBUG NetUtil:136 - -Djava.net.preferIPv6Addresses: false
2022-02-23 20:12:12 DEBUG NetUtilInitializations:129 - Loopback interface: lo (Software Loopback Interface 1, 127.0.0.1)
2022-02-23 20:12:12 DEBUG NetUtil:187 - Failed to get SOMAXCONN from sysctl and file \proc\sys\net\core\somaxconn. Default: 200
2022-02-23 20:12:12 DEBUG DefaultChannelId:101 - -Dio.netty.machineId: 0c:60:76:ff:fe:35:c6:45 (auto-detected)
2022-02-23 20:12:12 DEBUG AbstractByteBuf:63 - -Dio.netty.buffer.checkAccessible: true
2022-02-23 20:12:12 DEBUG AbstractByteBuf:64 - -Dio.netty.buffer.checkBounds: true
2022-02-23 20:12:12 DEBUG ResourceLeakDetectorFactory:196 - Loaded default ResourceLeakDetector: io.netty.util.ResourceLeakDetector@71421584
2022-02-23 20:12:12 DEBUG Recycler:103 - -Dio.netty.recycler.maxCapacityPerThread: 4096
2022-02-23 20:12:12 DEBUG Recycler:104 - -Dio.netty.recycler.maxSharedCapacityFactor: 2
2022-02-23 20:12:12 DEBUG Recycler:105 - -Dio.netty.recycler.linkCapacity: 16
2022-02-23 20:12:12 DEBUG Recycler:106 - -Dio.netty.recycler.ratio: 8
2022-02-23 20:12:12 DEBUG Recycler:107 - -Dio.netty.recycler.delayedQueue.ratio: 8
2022-02-23 20:12:14 DEBUG Brotli:38 - brotli4j not in the classpath; Brotli support will be unavailable.
2022-02-23 20:12:15 DEBUG ThreadLocalRandom:214 - -Dio.netty.initialSeedUniquifier: 0x1d5b60d2e9a8a4f9
2022-02-23 20:12:19 INFO  log:13 - =====================================end to end  TEST START=========================================
2022-02-23 20:12:19 INFO  log:24 - userlogin
2022-02-23 20:12:25 INFO  log:24 - search btn click 
2022-02-23 20:12:32 INFO  log:24 - select size
2022-02-23 20:12:32 INFO  log:24 - place order
2022-02-23 20:12:33 INFO  log:24 - adress select
2022-02-23 20:12:42 INFO  log:17 - =====================================end to end test case end TEST END=========================================
]]></system-out>
    <system-err><![CDATA[SLF4J: Failed to load class "org.slf4j.impl.StaticLoggerBinder".
SLF4J: Defaulting to no-operation (NOP) logger implementation
SLF4J: See http://www.slf4j.org/codes.html#StaticLoggerBinder for further details.
Starting ChromeDriver 98.0.4758.80 (7f0488e8ba0d8e019187c6325a16c29d9b7f4989-refs/branch-heads/4758@{#972}) on port 65052
Only local connections are allowed.
Please see https://chromedriver.chromium.org/security-considerations for suggestions on keeping ChromeDriver safe.
ChromeDriver was started successfully.
Feb 23, 2022 8:12:15 PM org.openqa.selenium.remote.ProtocolHandshake createSession
INFO: Detected dialect: W3C
Feb 23, 2022 8:12:15 PM org.openqa.selenium.devtools.CdpVersionFinder findNearestMatch
WARNING: Unable to find an exact match for CDP version 98, so returning the closest version found: 96
Feb 23, 2022 8:12:15 PM org.openqa.selenium.devtools.CdpVersionFinder findNearestMatch
INFO: Found CDP implementation for version 98 of 96
]]></system-err>
  </testcase>
  <testcase name="availabilityofproduct[9701763306, prava@56789, registered user](1)" classname="Testcases.VerifyProduct" time="15.55">
    <system-out><![CDATA[2022-02-23 20:12:52 INFO  log:13 - =====================================availabilityofproductTest  TEST START=========================================
2022-02-23 20:12:52 INFO  log:24 - userlogin
2022-02-23 20:12:58 INFO  log:24 - search btn click 
2022-02-23 20:13:07 INFO  log:17 - =====================================availabilityofproduct TEST END=========================================
]]></system-out>
    <system-err><![CDATA[Starting ChromeDriver 98.0.4758.80 (7f0488e8ba0d8e019187c6325a16c29d9b7f4989-refs/branch-heads/4758@{#972}) on port 65371
Only local connections are allowed.
Please see https://chromedriver.chromium.org/security-considerations for suggestions on keeping ChromeDriver safe.
ChromeDriver was started successfully.
Feb 23, 2022 8:12:48 PM org.openqa.selenium.remote.ProtocolHandshake createSession
INFO: Detected dialect: W3C
Feb 23, 2022 8:12:48 PM org.openqa.selenium.devtools.CdpVersionFinder findNearestMatch
WARNING: Unable to find an exact match for CDP version 98, so returning the closest version found: 96
Feb 23, 2022 8:12:48 PM org.openqa.selenium.devtools.CdpVersionFinder findNearestMatch
INFO: Found CDP implementation for version 98 of 96
]]></system-err>
  </testcase>
  <testcase name="verifyLogo[9701763306, prava@56789, registered user](1)" classname="Testcases.Demo" time="6.213">
    <system-out><![CDATA[2022-02-23 20:13:20 INFO  log:13 - =====================================loginpage TEST START=========================================
2022-02-23 20:13:20 INFO  log:24 - userlogin
2022-02-23 20:13:26 INFO  log:17 - =====================================loginpage TEST END=========================================
]]></system-out>
    <system-err><![CDATA[Starting ChromeDriver 98.0.4758.80 (7f0488e8ba0d8e019187c6325a16c29d9b7f4989-refs/branch-heads/4758@{#972}) on port 55493
Only local connections are allowed.
Please see https://chromedriver.chromium.org/security-considerations for suggestions on keeping ChromeDriver safe.
ChromeDriver was started successfully.
Feb 23, 2022 8:13:16 PM org.openqa.selenium.remote.ProtocolHandshake createSession
INFO: Detected dialect: W3C
Feb 23, 2022 8:13:16 PM org.openqa.selenium.devtools.CdpVersionFinder findNearestMatch
WARNING: Unable to find an exact match for CDP version 98, so returning the closest version found: 96
Feb 23, 2022 8:13:16 PM org.openqa.selenium.devtools.CdpVersionFinder findNearestMatch
INFO: Found CDP implementation for version 98 of 96
]]></system-err>
  </testcase>
  <testcase name="loginpage[9701763306, prava@56789, registered user](1)" classname="Testcases.Loginpagetest" time="5.999">
    <system-out><![CDATA[2022-02-23 20:13:35 INFO  log:13 - =====================================loginpage TEST START=========================================
2022-02-23 20:13:35 INFO  log:24 - userlogin
2022-02-23 20:13:41 INFO  log:17 - =====================================loginpage TEST END=========================================
]]></system-out>
    <system-err><![CDATA[Starting ChromeDriver 98.0.4758.80 (7f0488e8ba0d8e019187c6325a16c29d9b7f4989-refs/branch-heads/4758@{#972}) on port 62167
Only local connections are allowed.
Please see https://chromedriver.chromium.org/security-considerations for suggestions on keeping ChromeDriver safe.
ChromeDriver was started successfully.
Feb 23, 2022 8:13:31 PM org.openqa.selenium.remote.ProtocolHandshake createSession
INFO: Detected dialect: W3C
Feb 23, 2022 8:13:31 PM org.openqa.selenium.devtools.CdpVersionFinder findNearestMatch
WARNING: Unable to find an exact match for CDP version 98, so returning the closest version found: 96
Feb 23, 2022 8:13:31 PM org.openqa.selenium.devtools.CdpVersionFinder findNearestMatch
INFO: Found CDP implementation for version 98 of 96
]]></system-err>
  </testcase>
  <testcase name="loginpage[7386765247, rama@1234, unregistered user](2)" classname="Testcases.Loginpagetest" time="26.733">
    <system-out><![CDATA[2022-02-23 20:13:49 INFO  log:13 - =====================================loginpage TEST START=========================================
2022-02-23 20:13:49 INFO  log:24 - userlogin
2022-02-23 20:14:16 INFO  log:17 - =====================================loginpage TEST END=========================================
]]></system-out>
    <system-err><![CDATA[Starting ChromeDriver 98.0.4758.80 (7f0488e8ba0d8e019187c6325a16c29d9b7f4989-refs/branch-heads/4758@{#972}) on port 60186
Only local connections are allowed.
Please see https://chromedriver.chromium.org/security-considerations for suggestions on keeping ChromeDriver safe.
ChromeDriver was started successfully.
Feb 23, 2022 8:13:46 PM org.openqa.selenium.remote.ProtocolHandshake createSession
INFO: Detected dialect: W3C
Feb 23, 2022 8:13:46 PM org.openqa.selenium.devtools.CdpVersionFinder findNearestMatch
WARNING: Unable to find an exact match for CDP version 98, so returning the closest version found: 96
Feb 23, 2022 8:13:46 PM org.openqa.selenium.devtools.CdpVersionFinder findNearestMatch
INFO: Found CDP implementation for version 98 of 96
]]></system-err>
  </testcase>
  <testcase name="loginpage[kjlskjdljs, jshdjklsd, bothwrong](3)" classname="Testcases.Loginpagetest" time="6.08">
    <system-out><![CDATA[2022-02-23 20:14:24 INFO  log:13 - =====================================loginpage TEST START=========================================
2022-02-23 20:14:24 INFO  log:24 - userlogin
2022-02-23 20:14:30 INFO  log:17 - =====================================loginpage TEST END=========================================
]]></system-out>
    <system-err><![CDATA[Starting ChromeDriver 98.0.4758.80 (7f0488e8ba0d8e019187c6325a16c29d9b7f4989-refs/branch-heads/4758@{#972}) on port 50903
Only local connections are allowed.
Please see https://chromedriver.chromium.org/security-considerations for suggestions on keeping ChromeDriver safe.
ChromeDriver was started successfully.
Feb 23, 2022 8:14:19 PM org.openqa.selenium.remote.ProtocolHandshake createSession
INFO: Detected dialect: W3C
Feb 23, 2022 8:14:19 PM org.openqa.selenium.devtools.CdpVersionFinder findNearestMatch
WARNING: Unable to find an exact match for CDP version 98, so returning the closest version found: 96
Feb 23, 2022 8:14:19 PM org.openqa.selenium.devtools.CdpVersionFinder findNearestMatch
INFO: Found CDP implementation for version 98 of 96
]]></system-err>
  </testcase>
  <testcase name="loginpage[ ,  , nill](4)" classname="Testcases.Loginpagetest" time="5.772">
    <system-out><![CDATA[2022-02-23 20:14:37 INFO  log:13 - =====================================loginpage TEST START=========================================
2022-02-23 20:14:37 INFO  log:24 - userlogin
2022-02-23 20:14:43 INFO  log:17 - =====================================loginpage TEST END=========================================
]]></system-out>
    <system-err><![CDATA[Starting ChromeDriver 98.0.4758.80 (7f0488e8ba0d8e019187c6325a16c29d9b7f4989-refs/branch-heads/4758@{#972}) on port 56039
Only local connections are allowed.
Please see https://chromedriver.chromium.org/security-considerations for suggestions on keeping ChromeDriver safe.
ChromeDriver was started successfully.
Feb 23, 2022 8:14:33 PM org.openqa.selenium.remote.ProtocolHandshake createSession
INFO: Detected dialect: W3C
Feb 23, 2022 8:14:33 PM org.openqa.selenium.devtools.CdpVersionFinder findNearestMatch
WARNING: Unable to find an exact match for CDP version 98, so returning the closest version found: 96
Feb 23, 2022 8:14:33 PM org.openqa.selenium.devtools.CdpVersionFinder findNearestMatch
INFO: Found CDP implementation for version 98 of 96
]]></system-err>
  </testcase>
</testsuite>