<?xml version="1.0" encoding="UTF-8"?>
<testng-results ignored="6" total="13" passed="7" failed="0" skipped="0">
  <reporter-output>
  </reporter-output>
  <suite started-at="2022-02-23T20:12:09 IST" name="Suite" finished-at="2022-02-23T20:14:44 IST" duration-ms="155717">
    <groups>
      <group name="Regression">
        <method signature="Loginpagetest.loginpage(java.lang.String,java.lang.String,java.lang.String)[pri:0, instance:Testcases.Loginpagetest@bd4dc25]" name="loginpage" class="Testcases.Loginpagetest"/>
        <method signature="Productavailability.product(java.lang.String,java.lang.String,java.lang.String)[pri:0, instance:Testcases.Productavailability@fba92d3]" name="product" class="Testcases.Productavailability"/>
      </group> <!-- Regression -->
      <group name="smoke">
        <method signature="Demo.verifyLogo(java.lang.String,java.lang.String,java.lang.String)[pri:0, instance:Testcases.Demo@4efc180e]" name="verifyLogo" class="Testcases.Demo"/>
        <method signature="Loginpagetest.loginpage(java.lang.String,java.lang.String,java.lang.String)[pri:0, instance:Testcases.Loginpagetest@bd4dc25]" name="loginpage" class="Testcases.Loginpagetest"/>
        <method signature="VerifyProduct.availabilityofproduct(java.lang.String,java.lang.String,java.lang.String)[pri:0, instance:Testcases.VerifyProduct@5fbdfdcf]" name="availabilityofproduct" class="Testcases.VerifyProduct"/>
      </group> <!-- smoke -->
    </groups>
    <test started-at="2022-02-23T20:12:09 IST" name="Test" finished-at="2022-02-23T20:14:44 IST" duration-ms="155717">
      <class name="Testcases.VerifyProduct">
        <test-method is-config="true" signature="initialization()[pri:0, instance:Testcases.VerifyProduct@5fbdfdcf]" started-at="2022-02-23T20:12:43 IST" name="initialization" finished-at="2022-02-23T20:12:52 IST" duration-ms="8827" status="PASS">
          <reporter-output>
          </reporter-output>
        </test-method> <!-- initialization -->
        <test-method signature="availabilityofproduct(java.lang.String,java.lang.String,java.lang.String)[pri:0, instance:Testcases.VerifyProduct@5fbdfdcf]" started-at="2022-02-23T20:12:52 IST" name="availabilityofproduct" data-provider="getrdata" finished-at="2022-02-23T20:13:07 IST" duration-ms="15680" status="PASS">
          <params>
            <param index="0">
              <value>
                <![CDATA[9701763306]]>
              </value>
            </param>
            <param index="1">
              <value>
                <![CDATA[prava@56789]]>
              </value>
            </param>
            <param index="2">
              <value>
                <![CDATA[registered user]]>
              </value>
            </param>
          </params>
          <reporter-output>
          </reporter-output>
        </test-method> <!-- availabilityofproduct -->
        <test-method is-config="true" signature="closur()[pri:0, instance:Testcases.VerifyProduct@5fbdfdcf]" started-at="2022-02-23T20:13:07 IST" name="closur" finished-at="2022-02-23T20:13:09 IST" duration-ms="1295" status="PASS">
          <reporter-output>
          </reporter-output>
        </test-method> <!-- closur -->
      </class> <!-- Testcases.VerifyProduct -->
      <class name="Testcases.Loginpagetest">
        <test-method is-config="true" signature="initialization()[pri:0, instance:Testcases.Loginpagetest@bd4dc25]" started-at="2022-02-23T20:13:27 IST" name="initialization" finished-at="2022-02-23T20:13:35 IST" duration-ms="7417" status="PASS">
          <reporter-output>
          </reporter-output>
        </test-method> <!-- initialization -->
        <test-method signature="loginpage(java.lang.String,java.lang.String,java.lang.String)[pri:0, instance:Testcases.Loginpagetest@bd4dc25]" started-at="2022-02-23T20:13:35 IST" name="loginpage" data-provider="getdata" finished-at="2022-02-23T20:13:41 IST" duration-ms="6090" status="PASS">
          <params>
            <param index="0">
              <value>
                <![CDATA[9701763306]]>
              </value>
            </param>
            <param index="1">
              <value>
                <![CDATA[prava@56789]]>
              </value>
            </param>
            <param index="2">
              <value>
                <![CDATA[registered user]]>
              </value>
            </param>
          </params>
          <reporter-output>
          </reporter-output>
        </test-method> <!-- loginpage -->
        <test-method is-config="true" signature="closur()[pri:0, instance:Testcases.Loginpagetest@bd4dc25]" started-at="2022-02-23T20:13:41 IST" name="closur" finished-at="2022-02-23T20:13:43 IST" duration-ms="1691" status="PASS">
          <reporter-output>
          </reporter-output>
        </test-method> <!-- closur -->
        <test-method is-config="true" signature="initialization()[pri:0, instance:Testcases.Loginpagetest@bd4dc25]" started-at="2022-02-23T20:13:43 IST" name="initialization" finished-at="2022-02-23T20:13:49 IST" duration-ms="6741" status="PASS">
          <reporter-output>
          </reporter-output>
        </test-method> <!-- initialization -->
        <test-method signature="loginpage(java.lang.String,java.lang.String,java.lang.String)[pri:0, instance:Testcases.Loginpagetest@bd4dc25]" started-at="2022-02-23T20:13:49 IST" name="loginpage" data-provider="getdata" finished-at="2022-02-23T20:14:16 IST" duration-ms="26819" status="PASS">
          <params>
            <param index="0">
              <value>
                <![CDATA[7386765247]]>
              </value>
            </param>
            <param index="1">
              <value>
                <![CDATA[rama@1234]]>
              </value>
            </param>
            <param index="2">
              <value>
                <![CDATA[unregistered user]]>
              </value>
            </param>
          </params>
          <reporter-output>
          </reporter-output>
        </test-method> <!-- loginpage -->
        <test-method is-config="true" signature="closur()[pri:0, instance:Testcases.Loginpagetest@bd4dc25]" started-at="2022-02-23T20:14:16 IST" name="closur" finished-at="2022-02-23T20:14:17 IST" duration-ms="819" status="PASS">
          <reporter-output>
          </reporter-output>
        </test-method> <!-- closur -->
        <test-method is-config="true" signature="initialization()[pri:0, instance:Testcases.Loginpagetest@bd4dc25]" started-at="2022-02-23T20:14:17 IST" name="initialization" finished-at="2022-02-23T20:14:24 IST" duration-ms="6874" status="PASS">
          <reporter-output>
          </reporter-output>
        </test-method> <!-- initialization -->
        <test-method signature="loginpage(java.lang.String,java.lang.String,java.lang.String)[pri:0, instance:Testcases.Loginpagetest@bd4dc25]" started-at="2022-02-23T20:14:24 IST" name="loginpage" data-provider="getdata" finished-at="2022-02-23T20:14:30 IST" duration-ms="6118" status="PASS">
          <params>
            <param index="0">
              <value>
                <![CDATA[kjlskjdljs]]>
              </value>
            </param>
            <param index="1">
              <value>
                <![CDATA[jshdjklsd]]>
              </value>
            </param>
            <param index="2">
              <value>
                <![CDATA[bothwrong]]>
              </value>
            </param>
          </params>
          <reporter-output>
          </reporter-output>
        </test-method> <!-- loginpage -->
        <test-method is-config="true" signature="closur()[pri:0, instance:Testcases.Loginpagetest@bd4dc25]" started-at="2022-02-23T20:14:30 IST" name="closur" finished-at="2022-02-23T20:14:31 IST" duration-ms="735" status="PASS">
          <reporter-output>
          </reporter-output>
        </test-method> <!-- closur -->
        <test-method is-config="true" signature="initialization()[pri:0, instance:Testcases.Loginpagetest@bd4dc25]" started-at="2022-02-23T20:14:31 IST" name="initialization" finished-at="2022-02-23T20:14:37 IST" duration-ms="6145" status="PASS">
          <reporter-output>
          </reporter-output>
        </test-method> <!-- initialization -->
        <test-method signature="loginpage(java.lang.String,java.lang.String,java.lang.String)[pri:0, instance:Testcases.Loginpagetest@bd4dc25]" started-at="2022-02-23T20:14:37 IST" name="loginpage" data-provider="getdata" finished-at="2022-02-23T20:14:43 IST" duration-ms="5907" status="PASS">
          <params>
            <param index="0">
              <value>
                <![CDATA[ ]]>
              </value>
            </param>
            <param index="1">
              <value>
                <![CDATA[ ]]>
              </value>
            </param>
            <param index="2">
              <value>
                <![CDATA[nill]]>
              </value>
            </param>
          </params>
          <reporter-output>
          </reporter-output>
        </test-method> <!-- loginpage -->
        <test-method is-config="true" signature="closur()[pri:0, instance:Testcases.Loginpagetest@bd4dc25]" started-at="2022-02-23T20:14:43 IST" name="closur" finished-at="2022-02-23T20:14:44 IST" duration-ms="1547" status="PASS">
          <reporter-output>
          </reporter-output>
        </test-method> <!-- closur -->
      </class> <!-- Testcases.Loginpagetest -->
      <class name="Testcases.Demo">
        <test-method is-config="true" signature="initialization()[pri:0, instance:Testcases.Demo@4efc180e]" started-at="2022-02-23T20:13:09 IST" name="initialization" finished-at="2022-02-23T20:13:20 IST" duration-ms="11534" status="PASS">
          <reporter-output>
          </reporter-output>
        </test-method> <!-- initialization -->
        <test-method signature="verifyLogo(java.lang.String,java.lang.String,java.lang.String)[pri:0, instance:Testcases.Demo@4efc180e]" started-at="2022-02-23T20:13:20 IST" name="verifyLogo" data-provider="getrdata" finished-at="2022-02-23T20:13:27 IST" duration-ms="6378" status="PASS">
          <params>
            <param index="0">
              <value>
                <![CDATA[9701763306]]>
              </value>
            </param>
            <param index="1">
              <value>
                <![CDATA[prava@56789]]>
              </value>
            </param>
            <param index="2">
              <value>
                <![CDATA[registered user]]>
              </value>
            </param>
          </params>
          <reporter-output>
          </reporter-output>
        </test-method> <!-- verifyLogo -->
        <test-method is-config="true" signature="closur()[pri:0, instance:Testcases.Demo@4efc180e]" started-at="2022-02-23T20:13:27 IST" name="closur" finished-at="2022-02-23T20:13:27 IST" duration-ms="814" status="PASS">
          <reporter-output>
          </reporter-output>
        </test-method> <!-- closur -->
      </class> <!-- Testcases.Demo -->
      <class name="Testcases.Productavailability">
        <test-method is-config="true" signature="setreports()[pri:0, instance:Testcases.Productavailability@fba92d3]" started-at="2022-02-23T20:12:08 IST" name="setreports" finished-at="2022-02-23T20:12:09 IST" duration-ms="624" status="PASS">
          <reporter-output>
          </reporter-output>
        </test-method> <!-- setreports -->
        <test-method is-config="true" signature="initialization()[pri:0, instance:Testcases.Productavailability@fba92d3]" started-at="2022-02-23T20:12:09 IST" name="initialization" finished-at="2022-02-23T20:12:19 IST" duration-ms="10154" status="PASS">
          <reporter-output>
          </reporter-output>
        </test-method> <!-- initialization -->
        <test-method signature="product(java.lang.String,java.lang.String,java.lang.String)[pri:0, instance:Testcases.Productavailability@fba92d3]" started-at="2022-02-23T20:12:19 IST" name="product" data-provider="getrdata" finished-at="2022-02-23T20:12:42 IST" duration-ms="23111" status="PASS">
          <params>
            <param index="0">
              <value>
                <![CDATA[9701763306]]>
              </value>
            </param>
            <param index="1">
              <value>
                <![CDATA[prava@56789]]>
              </value>
            </param>
            <param index="2">
              <value>
                <![CDATA[registered user]]>
              </value>
            </param>
          </params>
          <reporter-output>
          </reporter-output>
        </test-method> <!-- product -->
        <test-method is-config="true" signature="closur()[pri:0, instance:Testcases.Productavailability@fba92d3]" started-at="2022-02-23T20:12:42 IST" name="closur" finished-at="2022-02-23T20:12:43 IST" duration-ms="846" status="PASS">
          <reporter-output>
          </reporter-output>
        </test-method> <!-- closur -->
        <test-method is-config="true" signature="later()[pri:0, instance:Testcases.Productavailability@fba92d3]" started-at="2022-02-23T20:14:44 IST" name="later" finished-at="2022-02-23T20:14:45 IST" duration-ms="767" status="PASS">
          <reporter-output>
          </reporter-output>
        </test-method> <!-- later -->
      </class> <!-- Testcases.Productavailability -->
    </test> <!-- Test -->
  </suite> <!-- Suite -->
</testng-results>
