<?xml version="1.0" encoding="UTF-8"?>
<testsuite xmlns:xsi="http://www.w3.org/2001/XMLSchema-instance" xsi:noNamespaceSchemaLocation="https://maven.apache.org/surefire/maven-surefire-plugin/xsd/surefire-test-report-3.0.xsd" version="3.0" name="TestSuite" time="114.354" tests="6" errors="0" skipped="0" failures="2">
  <properties>
[...]
</properties>
  <testcase name="availabilityofproduct[9701763306, prava@56789, registered user](1)" classname="Testcases.VerifyProduct" time="5.502">
    <failure message="stale element reference: element is not attached to the page document&#10;  (Session info: chrome=98.0.4758.102)&#10;For documentation on this error, please visit: https://selenium.dev/exceptions/#stale_element_reference&#10;Build info: version: &apos;4.1.0&apos;, revision: &apos;87802e897b&apos;&#10;System info: host: &apos;SIS-PC&apos;, ip: &apos;192.168.29.16&apos;, os.name: &apos;Windows 7&apos;, os.arch: &apos;amd64&apos;, os.version: &apos;6.1&apos;, java.version: &apos;11.0.13&apos;&#10;Driver info: org.openqa.selenium.chrome.ChromeDriver&#10;Command: [307dd5a24cc582859269f1083c0ff2f2, isElementDisplayed {id=a12ad7e6-88f4-4564-8b7a-cb4c8cc6f73c}]&#10;Capabilities {acceptInsecureCerts: false, browserName: chrome, browserVersion: 98.0.4758.102, chrome: {chromedriverVersion: 98.0.4758.80 (7f0488e8ba0d8..., userDataDir: C:\Users\ADMINI~1\AppData\L...}, goog:chromeOptions: {debuggerAddress: localhost:60394}, javascriptEnabled: true, networkConnectionEnabled: false, pageLoadStrategy: normal, platform: WINDOWS, platformName: WINDOWS, proxy: Proxy(), se:cdp: ws://localhost:60394/devtoo..., se:cdpVersion: 98.0.4758.102, setWindowRect: true, strictFileInteractability: false, timeouts: {implicit: 0, pageLoad: 300000, script: 30000}, unhandledPromptBehavior: dismiss and notify, webauthn:extension:credBlob: true, webauthn:extension:largeBlob: true, webauthn:virtualAuthenticators: true}&#10;Element: [[ChromeDriver: chrome on WINDOWS (307dd5a24cc582859269f1083c0ff2f2)] -&gt; name: q]&#10;Session ID: 307dd5a24cc582859269f1083c0ff2f2" type="org.openqa.selenium.StaleElementReferenceException"><![CDATA[org.openqa.selenium.StaleElementReferenceException: 
stale element reference: element is not attached to the page document
  (Session info: chrome=98.0.4758.102)
For documentation on this error, please visit: https://selenium.dev/exceptions/#stale_element_reference
Build info: version: '4.1.0', revision: '87802e897b'
System info: host: 'SIS-PC', ip: '192.168.29.16', os.name: 'Windows 7', os.arch: 'amd64', os.version: '6.1', java.version: '11.0.13'
Driver info: org.openqa.selenium.chrome.ChromeDriver
Command: [307dd5a24cc582859269f1083c0ff2f2, isElementDisplayed {id=a12ad7e6-88f4-4564-8b7a-cb4c8cc6f73c}]
Capabilities {acceptInsecureCerts: false, browserName: chrome, browserVersion: 98.0.4758.102, chrome: {chromedriverVersion: 98.0.4758.80 (7f0488e8ba0d8..., userDataDir: C:\Users\ADMINI~1\AppData\L...}, goog:chromeOptions: {debuggerAddress: localhost:60394}, javascriptEnabled: true, networkConnectionEnabled: false, pageLoadStrategy: normal, platform: WINDOWS, platformName: WINDOWS, proxy: Proxy(), se:cdp: ws://localhost:60394/devtoo..., se:cdpVersion: 98.0.4758.102, setWindowRect: true, strictFileInteractability: false, timeouts: {implicit: 0, pageLoad: 300000, script: 30000}, unhandledPromptBehavior: dismiss and notify, webauthn:extension:credBlob: true, webauthn:extension:largeBlob: true, webauthn:virtualAuthenticators: true}
Element: [[ChromeDriver: chrome on WINDOWS (307dd5a24cc582859269f1083c0ff2f2)] -> name: q]
Session ID: 307dd5a24cc582859269f1083c0ff2f2
	at Testcases.VerifyProduct.availabilityofproduct(VerifyProduct.java:38)
]]></failure>
    <system-out><![CDATA[2022-02-23 14:03:00 DEBUG InternalLoggerFactory:89 - Using Log4J as the default logging framework
2022-02-23 14:03:00 DEBUG ResourceLeakDetector:129 - -Dio.netty.leakDetection.level: simple
2022-02-23 14:03:00 DEBUG ResourceLeakDetector:130 - -Dio.netty.leakDetection.targetRecords: 4
2022-02-23 14:03:00 DEBUG ResourceLeakDetectorFactory:196 - Loaded default ResourceLeakDetector: io.netty.util.ResourceLeakDetector@2cc3ad05
2022-02-23 14:03:00 DEBUG PlatformDependent0:460 - -Dio.netty.noUnsafe: false
2022-02-23 14:03:00 DEBUG PlatformDependent0:954 - Java version: 11
2022-02-23 14:03:00 DEBUG PlatformDependent0:135 - sun.misc.Unsafe.theUnsafe: available
2022-02-23 14:03:00 DEBUG PlatformDependent0:159 - sun.misc.Unsafe.copyMemory: available
2022-02-23 14:03:00 DEBUG PlatformDependent0:202 - java.nio.Buffer.address: available
2022-02-23 14:03:00 DEBUG PlatformDependent0:285 - direct buffer constructor: unavailable: Reflective setAccessible(true) disabled
2022-02-23 14:03:00 DEBUG PlatformDependent0:350 - java.nio.Bits.unaligned: available, true
2022-02-23 14:03:00 DEBUG PlatformDependent0:417 - jdk.internal.misc.Unsafe.allocateUninitializedArray(int): unavailable: class io.netty.util.internal.PlatformDependent0$6 cannot access class jdk.internal.misc.Unsafe (in module java.base) because module java.base does not export jdk.internal.misc to unnamed module @53dacd14
2022-02-23 14:03:00 DEBUG PlatformDependent0:446 - java.nio.DirectByteBuffer.<init>(long, int): unavailable
2022-02-23 14:03:00 DEBUG PlatformDependent:1103 - sun.misc.Unsafe: available
2022-02-23 14:03:00 DEBUG PlatformDependent:1205 - maxDirectMemory: 1065353216 bytes (maybe)
2022-02-23 14:03:00 DEBUG PlatformDependent:1224 - -Dio.netty.tmpdir: C:\Users\ADMINI~1\AppData\Local\Temp (java.io.tmpdir)
2022-02-23 14:03:00 DEBUG PlatformDependent:1303 - -Dio.netty.bitMode: 64 (sun.arch.data.model)
2022-02-23 14:03:00 DEBUG PlatformDependent:1063 - Platform: Windows
2022-02-23 14:03:00 DEBUG PlatformDependent:178 - -Dio.netty.maxDirectMemory: -1 bytes
2022-02-23 14:03:00 DEBUG PlatformDependent:185 - -Dio.netty.uninitializedArrayAllocationThreshold: -1
2022-02-23 14:03:00 DEBUG CleanerJava9:71 - java.nio.ByteBuffer.cleaner(): available
2022-02-23 14:03:01 DEBUG PlatformDependent:205 - -Dio.netty.noPreferDirect: false
2022-02-23 14:03:01 DEBUG PlatformDependent:967 - org.jctools-core.MpscChunkedArrayQueue: available
2022-02-23 14:03:01 DEBUG InternalThreadLocalMap:83 - -Dio.netty.threadLocalMap.stringBuilder.initialSize: 1024
2022-02-23 14:03:01 DEBUG InternalThreadLocalMap:86 - -Dio.netty.threadLocalMap.stringBuilder.maxSize: 4096
2022-02-23 14:03:01 DEBUG JdkSslContext:97 - Default protocols (JDK): [TLSv1.3, TLSv1.2] 
2022-02-23 14:03:01 DEBUG JdkSslContext:98 - Default cipher suites (JDK): [TLS_ECDHE_ECDSA_WITH_AES_256_GCM_SHA384, TLS_ECDHE_ECDSA_WITH_AES_128_GCM_SHA256, TLS_ECDHE_RSA_WITH_AES_128_GCM_SHA256, TLS_ECDHE_RSA_WITH_AES_256_GCM_SHA384, TLS_ECDHE_RSA_WITH_AES_128_CBC_SHA, TLS_ECDHE_RSA_WITH_AES_256_CBC_SHA, TLS_RSA_WITH_AES_128_GCM_SHA256, TLS_RSA_WITH_AES_128_CBC_SHA, TLS_RSA_WITH_AES_256_CBC_SHA, TLS_AES_128_GCM_SHA256, TLS_AES_256_GCM_SHA384]
2022-02-23 14:03:01 DEBUG MultithreadEventLoopGroup:44 - -Dio.netty.eventLoopThreads: 4
2022-02-23 14:03:01 DEBUG NioEventLoop:106 - -Dio.netty.noKeySetOptimization: false
2022-02-23 14:03:01 DEBUG NioEventLoop:107 - -Dio.netty.selectorAutoRebuildThreshold: 512
2022-02-23 14:03:01 DEBUG PooledByteBufAllocator:155 - -Dio.netty.allocator.numHeapArenas: 4
2022-02-23 14:03:01 DEBUG PooledByteBufAllocator:156 - -Dio.netty.allocator.numDirectArenas: 4
2022-02-23 14:03:01 DEBUG PooledByteBufAllocator:158 - -Dio.netty.allocator.pageSize: 8192
2022-02-23 14:03:01 DEBUG PooledByteBufAllocator:163 - -Dio.netty.allocator.maxOrder: 11
2022-02-23 14:03:01 DEBUG PooledByteBufAllocator:167 - -Dio.netty.allocator.chunkSize: 16777216
2022-02-23 14:03:01 DEBUG PooledByteBufAllocator:168 - -Dio.netty.allocator.smallCacheSize: 256
2022-02-23 14:03:01 DEBUG PooledByteBufAllocator:169 - -Dio.netty.allocator.normalCacheSize: 64
2022-02-23 14:03:01 DEBUG PooledByteBufAllocator:170 - -Dio.netty.allocator.maxCachedBufferCapacity: 32768
2022-02-23 14:03:01 DEBUG PooledByteBufAllocator:171 - -Dio.netty.allocator.cacheTrimInterval: 8192
2022-02-23 14:03:01 DEBUG PooledByteBufAllocator:172 - -Dio.netty.allocator.cacheTrimIntervalMillis: 0
2022-02-23 14:03:01 DEBUG PooledByteBufAllocator:173 - -Dio.netty.allocator.useCacheForAllThreads: true
2022-02-23 14:03:01 DEBUG PooledByteBufAllocator:174 - -Dio.netty.allocator.maxCachedByteBuffersPerChunk: 1023
2022-02-23 14:03:01 DEBUG ByteBufUtil:87 - -Dio.netty.allocator.type: pooled
2022-02-23 14:03:01 DEBUG ByteBufUtil:96 - -Dio.netty.threadLocalDirectBufferSize: 0
2022-02-23 14:03:01 DEBUG ByteBufUtil:99 - -Dio.netty.maxThreadLocalCharBufferSize: 16384
2022-02-23 14:03:03 DEBUG DefaultChannelId:79 - -Dio.netty.processId: 6468 (auto-detected)
2022-02-23 14:03:03 DEBUG NetUtil:135 - -Djava.net.preferIPv4Stack: false
2022-02-23 14:03:03 DEBUG NetUtil:136 - -Djava.net.preferIPv6Addresses: false
2022-02-23 14:03:04 DEBUG NetUtilInitializations:129 - Loopback interface: lo (Software Loopback Interface 1, 127.0.0.1)
2022-02-23 14:03:04 DEBUG NetUtil:187 - Failed to get SOMAXCONN from sysctl and file \proc\sys\net\core\somaxconn. Default: 200
2022-02-23 14:03:04 DEBUG DefaultChannelId:101 - -Dio.netty.machineId: 0c:60:76:ff:fe:35:c6:45 (auto-detected)
2022-02-23 14:03:04 DEBUG AbstractByteBuf:63 - -Dio.netty.buffer.checkAccessible: true
2022-02-23 14:03:04 DEBUG AbstractByteBuf:64 - -Dio.netty.buffer.checkBounds: true
2022-02-23 14:03:04 DEBUG ResourceLeakDetectorFactory:196 - Loaded default ResourceLeakDetector: io.netty.util.ResourceLeakDetector@218dcb61
2022-02-23 14:03:04 DEBUG Recycler:103 - -Dio.netty.recycler.maxCapacityPerThread: 4096
2022-02-23 14:03:04 DEBUG Recycler:104 - -Dio.netty.recycler.maxSharedCapacityFactor: 2
2022-02-23 14:03:04 DEBUG Recycler:105 - -Dio.netty.recycler.linkCapacity: 16
2022-02-23 14:03:04 DEBUG Recycler:106 - -Dio.netty.recycler.ratio: 8
2022-02-23 14:03:04 DEBUG Recycler:107 - -Dio.netty.recycler.delayedQueue.ratio: 8
2022-02-23 14:03:07 DEBUG Brotli:38 - brotli4j not in the classpath; Brotli support will be unavailable.
2022-02-23 14:03:07 DEBUG ThreadLocalRandom:214 - -Dio.netty.initialSeedUniquifier: 0x5498a5c48918b85d
]]></system-out>
    <system-err><![CDATA[SLF4J: Failed to load class "org.slf4j.impl.StaticLoggerBinder".
SLF4J: Defaulting to no-operation (NOP) logger implementation
SLF4J: See http://www.slf4j.org/codes.html#StaticLoggerBinder for further details.
Starting ChromeDriver 98.0.4758.80 (7f0488e8ba0d8e019187c6325a16c29d9b7f4989-refs/branch-heads/4758@{#972}) on port 58691
Only local connections are allowed.
Please see https://chromedriver.chromium.org/security-considerations for suggestions on keeping ChromeDriver safe.
ChromeDriver was started successfully.
Feb 23, 2022 2:03:07 PM org.openqa.selenium.remote.ProtocolHandshake createSession
INFO: Detected dialect: W3C
Feb 23, 2022 2:03:07 PM org.openqa.selenium.devtools.CdpVersionFinder findNearestMatch
WARNING: Unable to find an exact match for CDP version 98, so returning the closest version found: 96
Feb 23, 2022 2:03:07 PM org.openqa.selenium.devtools.CdpVersionFinder findNearestMatch
INFO: Found CDP implementation for version 98 of 96
]]></system-err>
  </testcase>
  <testcase name="verifyLogo[9701763306, prava@56789, registered user](1)" classname="Testcases.Demo" time="6.131">
    <system-out><![CDATA[2022-02-23 14:03:26 INFO  log:13 - =====================================loginpage TEST START=========================================
2022-02-23 14:03:26 INFO  log:24 - userlogin
2022-02-23 14:03:32 INFO  log:17 - =====================================loginpage TEST END=========================================
]]></system-out>
    <system-err><![CDATA[Starting ChromeDriver 98.0.4758.80 (7f0488e8ba0d8e019187c6325a16c29d9b7f4989-refs/branch-heads/4758@{#972}) on port 53644
Only local connections are allowed.
Please see https://chromedriver.chromium.org/security-considerations for suggestions on keeping ChromeDriver safe.
ChromeDriver was started successfully.
Feb 23, 2022 2:03:22 PM org.openqa.selenium.remote.ProtocolHandshake createSession
INFO: Detected dialect: W3C
Feb 23, 2022 2:03:22 PM org.openqa.selenium.devtools.CdpVersionFinder findNearestMatch
WARNING: Unable to find an exact match for CDP version 98, so returning the closest version found: 96
Feb 23, 2022 2:03:22 PM org.openqa.selenium.devtools.CdpVersionFinder findNearestMatch
INFO: Found CDP implementation for version 98 of 96
]]></system-err>
  </testcase>
  <testcase name="loginpage[9701763306, prava@56789, registered user](1)" classname="Testcases.Loginpagetest" time="6.12">
    <system-out><![CDATA[2022-02-23 14:03:42 INFO  log:13 - =====================================loginpage TEST START=========================================
2022-02-23 14:03:42 INFO  log:24 - userlogin
2022-02-23 14:03:48 INFO  log:17 - =====================================loginpage TEST END=========================================
]]></system-out>
    <system-err><![CDATA[Starting ChromeDriver 98.0.4758.80 (7f0488e8ba0d8e019187c6325a16c29d9b7f4989-refs/branch-heads/4758@{#972}) on port 50004
Only local connections are allowed.
Please see https://chromedriver.chromium.org/security-considerations for suggestions on keeping ChromeDriver safe.
ChromeDriver was started successfully.
Feb 23, 2022 2:03:38 PM org.openqa.selenium.remote.ProtocolHandshake createSession
INFO: Detected dialect: W3C
Feb 23, 2022 2:03:38 PM org.openqa.selenium.devtools.CdpVersionFinder findNearestMatch
WARNING: Unable to find an exact match for CDP version 98, so returning the closest version found: 96
Feb 23, 2022 2:03:38 PM org.openqa.selenium.devtools.CdpVersionFinder findNearestMatch
INFO: Found CDP implementation for version 98 of 96
]]></system-err>
  </testcase>
  <testcase name="loginpage[9899967078, rama@1234, unregistered user](2)" classname="Testcases.Loginpagetest" time="21.506">
    <failure message="no such element: Unable to locate element: {&quot;method&quot;:&quot;xpath&quot;,&quot;selector&quot;:&quot;//span[text()=&apos;Your username or password is incorrect&apos;]&quot;}&#10;  (Session info: chrome=98.0.4758.102)&#10;For documentation on this error, please visit: https://selenium.dev/exceptions/#no_such_element&#10;Build info: version: &apos;4.1.0&apos;, revision: &apos;87802e897b&apos;&#10;System info: host: &apos;SIS-PC&apos;, ip: &apos;192.168.29.16&apos;, os.name: &apos;Windows 7&apos;, os.arch: &apos;amd64&apos;, os.version: &apos;6.1&apos;, java.version: &apos;11.0.13&apos;&#10;Driver info: org.openqa.selenium.chrome.ChromeDriver&#10;Command: [94755287db87592a3c29b21f878bfb91, findElement {using=xpath, value=//span[text()=&apos;Your username or password is incorrect&apos;]}]&#10;Capabilities {acceptInsecureCerts: false, browserName: chrome, browserVersion: 98.0.4758.102, chrome: {chromedriverVersion: 98.0.4758.80 (7f0488e8ba0d8..., userDataDir: C:\Users\ADMINI~1\AppData\L...}, goog:chromeOptions: {debuggerAddress: localhost:60539}, javascriptEnabled: true, networkConnectionEnabled: false, pageLoadStrategy: normal, platform: WINDOWS, platformName: WINDOWS, proxy: Proxy(), se:cdp: ws://localhost:60539/devtoo..., se:cdpVersion: 98.0.4758.102, setWindowRect: true, strictFileInteractability: false, timeouts: {implicit: 0, pageLoad: 300000, script: 30000}, unhandledPromptBehavior: dismiss and notify, webauthn:extension:credBlob: true, webauthn:extension:largeBlob: true, webauthn:virtualAuthenticators: true}&#10;Session ID: 94755287db87592a3c29b21f878bfb91" type="org.openqa.selenium.NoSuchElementException"><![CDATA[org.openqa.selenium.NoSuchElementException: 
no such element: Unable to locate element: {"method":"xpath","selector":"//span[text()='Your username or password is incorrect']"}
  (Session info: chrome=98.0.4758.102)
For documentation on this error, please visit: https://selenium.dev/exceptions/#no_such_element
Build info: version: '4.1.0', revision: '87802e897b'
System info: host: 'SIS-PC', ip: '192.168.29.16', os.name: 'Windows 7', os.arch: 'amd64', os.version: '6.1', java.version: '11.0.13'
Driver info: org.openqa.selenium.chrome.ChromeDriver
Command: [94755287db87592a3c29b21f878bfb91, findElement {using=xpath, value=//span[text()='Your username or password is incorrect']}]
Capabilities {acceptInsecureCerts: false, browserName: chrome, browserVersion: 98.0.4758.102, chrome: {chromedriverVersion: 98.0.4758.80 (7f0488e8ba0d8..., userDataDir: C:\Users\ADMINI~1\AppData\L...}, goog:chromeOptions: {debuggerAddress: localhost:60539}, javascriptEnabled: true, networkConnectionEnabled: false, pageLoadStrategy: normal, platform: WINDOWS, platformName: WINDOWS, proxy: Proxy(), se:cdp: ws://localhost:60539/devtoo..., se:cdpVersion: 98.0.4758.102, setWindowRect: true, strictFileInteractability: false, timeouts: {implicit: 0, pageLoad: 300000, script: 30000}, unhandledPromptBehavior: dismiss and notify, webauthn:extension:credBlob: true, webauthn:extension:largeBlob: true, webauthn:virtualAuthenticators: true}
Session ID: 94755287db87592a3c29b21f878bfb91
	at Testcases.Loginpagetest.loginpage(Loginpagetest.java:34)
]]></failure>
    <system-out><![CDATA[2022-02-23 14:03:59 INFO  log:13 - =====================================loginpage TEST START=========================================
2022-02-23 14:03:59 INFO  log:24 - userlogin
]]></system-out>
    <system-err><![CDATA[Starting ChromeDriver 98.0.4758.80 (7f0488e8ba0d8e019187c6325a16c29d9b7f4989-refs/branch-heads/4758@{#972}) on port 50849
Only local connections are allowed.
Please see https://chromedriver.chromium.org/security-considerations for suggestions on keeping ChromeDriver safe.
ChromeDriver was started successfully.
Feb 23, 2022 2:03:54 PM org.openqa.selenium.remote.ProtocolHandshake createSession
INFO: Detected dialect: W3C
Feb 23, 2022 2:03:54 PM org.openqa.selenium.devtools.CdpVersionFinder findNearestMatch
WARNING: Unable to find an exact match for CDP version 98, so returning the closest version found: 96
Feb 23, 2022 2:03:54 PM org.openqa.selenium.devtools.CdpVersionFinder findNearestMatch
INFO: Found CDP implementation for version 98 of 96
]]></system-err>
  </testcase>
  <testcase name="loginpage[kjlskjdljs, jshdjklsd, bothwrong](3)" classname="Testcases.Loginpagetest" time="5.962">
    <system-out><![CDATA[2022-02-23 14:04:29 INFO  log:13 - =====================================loginpage TEST START=========================================
2022-02-23 14:04:29 INFO  log:24 - userlogin
2022-02-23 14:04:35 INFO  log:17 - =====================================loginpage TEST END=========================================
]]></system-out>
    <system-err><![CDATA[Starting ChromeDriver 98.0.4758.80 (7f0488e8ba0d8e019187c6325a16c29d9b7f4989-refs/branch-heads/4758@{#972}) on port 50898
Only local connections are allowed.
Please see https://chromedriver.chromium.org/security-considerations for suggestions on keeping ChromeDriver safe.
ChromeDriver was started successfully.
Feb 23, 2022 2:04:24 PM org.openqa.selenium.remote.ProtocolHandshake createSession
INFO: Detected dialect: W3C
Feb 23, 2022 2:04:24 PM org.openqa.selenium.devtools.CdpVersionFinder findNearestMatch
WARNING: Unable to find an exact match for CDP version 98, so returning the closest version found: 96
Feb 23, 2022 2:04:24 PM org.openqa.selenium.devtools.CdpVersionFinder findNearestMatch
INFO: Found CDP implementation for version 98 of 96
]]></system-err>
  </testcase>
  <testcase name="loginpage[ ,  , nill](4)" classname="Testcases.Loginpagetest" time="5.82">
    <system-out><![CDATA[2022-02-23 14:04:44 INFO  log:13 - =====================================loginpage TEST START=========================================
2022-02-23 14:04:44 INFO  log:24 - userlogin
2022-02-23 14:04:50 INFO  log:17 - =====================================loginpage TEST END=========================================
]]></system-out>
    <system-err><![CDATA[Starting ChromeDriver 98.0.4758.80 (7f0488e8ba0d8e019187c6325a16c29d9b7f4989-refs/branch-heads/4758@{#972}) on port 54977
Only local connections are allowed.
Please see https://chromedriver.chromium.org/security-considerations for suggestions on keeping ChromeDriver safe.
ChromeDriver was started successfully.
Feb 23, 2022 2:04:39 PM org.openqa.selenium.remote.ProtocolHandshake createSession
INFO: Detected dialect: W3C
Feb 23, 2022 2:04:39 PM org.openqa.selenium.devtools.CdpVersionFinder findNearestMatch
WARNING: Unable to find an exact match for CDP version 98, so returning the closest version found: 96
Feb 23, 2022 2:04:39 PM org.openqa.selenium.devtools.CdpVersionFinder findNearestMatch
INFO: Found CDP implementation for version 98 of 96
]]></system-err>
  </testcase>
</testsuite>