<?xml version="1.0" encoding="UTF-8"?>
<testng-results ignored="6" total="13" passed="7" failed="0" skipped="0">
  <reporter-output>
  </reporter-output>
  <suite started-at="2022-02-24T14:32:54 IST" name="Suite" finished-at="2022-02-24T14:35:28 IST" duration-ms="153921">
    <groups>
      <group name="Regression">
        <method signature="Loginpagetest.loginpage(java.lang.String,java.lang.String,java.lang.String)[pri:0, instance:Testcases.Loginpagetest@bd4dc25]" name="loginpage" class="Testcases.Loginpagetest"/>
        <method signature="Productavailability.product(java.lang.String,java.lang.String,java.lang.String)[pri:0, instance:Testcases.Productavailability@fba92d3]" name="product" class="Testcases.Productavailability"/>
      </group> <!-- Regression -->
      <group name="smoke">
        <method signature="Demo.verifyLogo(java.lang.String,java.lang.String,java.lang.String)[pri:0, instance:Testcases.Demo@4efc180e]" name="verifyLogo" class="Testcases.Demo"/>
        <method signature="Loginpagetest.loginpage(java.lang.String,java.lang.String,java.lang.String)[pri:0, instance:Testcases.Loginpagetest@bd4dc25]" name="loginpage" class="Testcases.Loginpagetest"/>
        <method signature="VerifyProduct.availabilityofproduct(java.lang.String,java.lang.String,java.lang.String)[pri:0, instance:Testcases.VerifyProduct@5fbdfdcf]" name="availabilityofproduct" class="Testcases.VerifyProduct"/>
      </group> <!-- smoke -->
    </groups>
    <test started-at="2022-02-24T14:32:54 IST" name="Test" finished-at="2022-02-24T14:35:28 IST" duration-ms="153921">
      <class name="Testcases.VerifyProduct">
        <test-method is-config="true" signature="initialization()[pri:0, instance:Testcases.VerifyProduct@5fbdfdcf]" started-at="2022-02-24T14:33:26 IST" name="initialization" finished-at="2022-02-24T14:33:33 IST" duration-ms="6358" status="PASS">
          <reporter-output>
          </reporter-output>
        </test-method> <!-- initialization -->
        <test-method signature="availabilityofproduct(java.lang.String,java.lang.String,java.lang.String)[pri:0, instance:Testcases.VerifyProduct@5fbdfdcf]" started-at="2022-02-24T14:33:33 IST" name="availabilityofproduct" data-provider="getrdata" finished-at="2022-02-24T14:33:47 IST" duration-ms="14318" status="PASS">
          <params>
            <param index="0">
              <value>
                <![CDATA[9701763306]]>
              </value>
            </param>
            <param index="1">
              <value>
                <![CDATA[prava@56789]]>
              </value>
            </param>
            <param index="2">
              <value>
                <![CDATA[registered user]]>
              </value>
            </param>
          </params>
          <reporter-output>
          </reporter-output>
        </test-method> <!-- availabilityofproduct -->
        <test-method is-config="true" signature="closur()[pri:0, instance:Testcases.VerifyProduct@5fbdfdcf]" started-at="2022-02-24T14:33:47 IST" name="closur" finished-at="2022-02-24T14:33:48 IST" duration-ms="915" status="PASS">
          <reporter-output>
          </reporter-output>
        </test-method> <!-- closur -->
      </class> <!-- Testcases.VerifyProduct -->
      <class name="Testcases.Loginpagetest">
        <test-method is-config="true" signature="initialization()[pri:0, instance:Testcases.Loginpagetest@bd4dc25]" started-at="2022-02-24T14:34:02 IST" name="initialization" finished-at="2022-02-24T14:34:09 IST" duration-ms="7454" status="PASS">
          <reporter-output>
          </reporter-output>
        </test-method> <!-- initialization -->
        <test-method signature="loginpage(java.lang.String,java.lang.String,java.lang.String)[pri:0, instance:Testcases.Loginpagetest@bd4dc25]" started-at="2022-02-24T14:34:09 IST" name="loginpage" data-provider="getdata" finished-at="2022-02-24T14:34:16 IST" duration-ms="6053" status="PASS">
          <params>
            <param index="0">
              <value>
                <![CDATA[9701763306]]>
              </value>
            </param>
            <param index="1">
              <value>
                <![CDATA[prava@56789]]>
              </value>
            </param>
            <param index="2">
              <value>
                <![CDATA[registered user]]>
              </value>
            </param>
          </params>
          <reporter-output>
          </reporter-output>
        </test-method> <!-- loginpage -->
        <test-method is-config="true" signature="closur()[pri:0, instance:Testcases.Loginpagetest@bd4dc25]" started-at="2022-02-24T14:34:16 IST" name="closur" finished-at="2022-02-24T14:34:16 IST" duration-ms="835" status="PASS">
          <reporter-output>
          </reporter-output>
        </test-method> <!-- closur -->
        <test-method is-config="true" signature="initialization()[pri:0, instance:Testcases.Loginpagetest@bd4dc25]" started-at="2022-02-24T14:34:16 IST" name="initialization" finished-at="2022-02-24T14:34:23 IST" duration-ms="6761" status="PASS">
          <reporter-output>
          </reporter-output>
        </test-method> <!-- initialization -->
        <test-method signature="loginpage(java.lang.String,java.lang.String,java.lang.String)[pri:0, instance:Testcases.Loginpagetest@bd4dc25]" started-at="2022-02-24T14:34:23 IST" name="loginpage" data-provider="getdata" finished-at="2022-02-24T14:34:50 IST" duration-ms="26792" status="PASS">
          <params>
            <param index="0">
              <value>
                <![CDATA[7386765247]]>
              </value>
            </param>
            <param index="1">
              <value>
                <![CDATA[rama@1234]]>
              </value>
            </param>
            <param index="2">
              <value>
                <![CDATA[unregistered user]]>
              </value>
            </param>
          </params>
          <reporter-output>
          </reporter-output>
        </test-method> <!-- loginpage -->
        <test-method is-config="true" signature="closur()[pri:0, instance:Testcases.Loginpagetest@bd4dc25]" started-at="2022-02-24T14:34:50 IST" name="closur" finished-at="2022-02-24T14:34:51 IST" duration-ms="823" status="PASS">
          <reporter-output>
          </reporter-output>
        </test-method> <!-- closur -->
        <test-method is-config="true" signature="initialization()[pri:0, instance:Testcases.Loginpagetest@bd4dc25]" started-at="2022-02-24T14:34:51 IST" name="initialization" finished-at="2022-02-24T14:34:58 IST" duration-ms="7181" status="PASS">
          <reporter-output>
          </reporter-output>
        </test-method> <!-- initialization -->
        <test-method signature="loginpage(java.lang.String,java.lang.String,java.lang.String)[pri:0, instance:Testcases.Loginpagetest@bd4dc25]" started-at="2022-02-24T14:34:58 IST" name="loginpage" data-provider="getdata" finished-at="2022-02-24T14:35:04 IST" duration-ms="5879" status="PASS">
          <params>
            <param index="0">
              <value>
                <![CDATA[kjlskjdljs]]>
              </value>
            </param>
            <param index="1">
              <value>
                <![CDATA[jshdjklsd]]>
              </value>
            </param>
            <param index="2">
              <value>
                <![CDATA[bothwrong]]>
              </value>
            </param>
          </params>
          <reporter-output>
          </reporter-output>
        </test-method> <!-- loginpage -->
        <test-method is-config="true" signature="closur()[pri:0, instance:Testcases.Loginpagetest@bd4dc25]" started-at="2022-02-24T14:35:04 IST" name="closur" finished-at="2022-02-24T14:35:05 IST" duration-ms="803" status="PASS">
          <reporter-output>
          </reporter-output>
        </test-method> <!-- closur -->
        <test-method is-config="true" signature="initialization()[pri:0, instance:Testcases.Loginpagetest@bd4dc25]" started-at="2022-02-24T14:35:05 IST" name="initialization" finished-at="2022-02-24T14:35:22 IST" duration-ms="17178" status="PASS">
          <reporter-output>
          </reporter-output>
        </test-method> <!-- initialization -->
        <test-method signature="loginpage(java.lang.String,java.lang.String,java.lang.String)[pri:0, instance:Testcases.Loginpagetest@bd4dc25]" started-at="2022-02-24T14:35:22 IST" name="loginpage" data-provider="getdata" finished-at="2022-02-24T14:35:27 IST" duration-ms="5657" status="PASS">
          <params>
            <param index="0">
              <value>
                <![CDATA[ ]]>
              </value>
            </param>
            <param index="1">
              <value>
                <![CDATA[ ]]>
              </value>
            </param>
            <param index="2">
              <value>
                <![CDATA[nill]]>
              </value>
            </param>
          </params>
          <reporter-output>
          </reporter-output>
        </test-method> <!-- loginpage -->
        <test-method is-config="true" signature="closur()[pri:0, instance:Testcases.Loginpagetest@bd4dc25]" started-at="2022-02-24T14:35:27 IST" name="closur" finished-at="2022-02-24T14:35:28 IST" duration-ms="783" status="PASS">
          <reporter-output>
          </reporter-output>
        </test-method> <!-- closur -->
      </class> <!-- Testcases.Loginpagetest -->
      <class name="Testcases.Productavailability">
        <test-method is-config="true" signature="setreports()[pri:0, instance:Testcases.Productavailability@fba92d3]" started-at="2022-02-24T14:32:54 IST" name="setreports" finished-at="2022-02-24T14:32:54 IST" duration-ms="451" status="PASS">
          <reporter-output>
          </reporter-output>
        </test-method> <!-- setreports -->
        <test-method is-config="true" signature="initialization()[pri:0, instance:Testcases.Productavailability@fba92d3]" started-at="2022-02-24T14:32:54 IST" name="initialization" finished-at="2022-02-24T14:33:04 IST" duration-ms="9602" status="PASS">
          <reporter-output>
          </reporter-output>
        </test-method> <!-- initialization -->
        <test-method signature="product(java.lang.String,java.lang.String,java.lang.String)[pri:0, instance:Testcases.Productavailability@fba92d3]" started-at="2022-02-24T14:33:04 IST" name="product" data-provider="getrdata" finished-at="2022-02-24T14:33:25 IST" duration-ms="21414" status="PASS">
          <params>
            <param index="0">
              <value>
                <![CDATA[9701763306]]>
              </value>
            </param>
            <param index="1">
              <value>
                <![CDATA[prava@56789]]>
              </value>
            </param>
            <param index="2">
              <value>
                <![CDATA[registered user]]>
              </value>
            </param>
          </params>
          <reporter-output>
          </reporter-output>
        </test-method> <!-- product -->
        <test-method is-config="true" signature="closur()[pri:0, instance:Testcases.Productavailability@fba92d3]" started-at="2022-02-24T14:33:25 IST" name="closur" finished-at="2022-02-24T14:33:26 IST" duration-ms="934" status="PASS">
          <reporter-output>
          </reporter-output>
        </test-method> <!-- closur -->
        <test-method is-config="true" signature="later()[pri:0, instance:Testcases.Productavailability@fba92d3]" started-at="2022-02-24T14:35:28 IST" name="later" finished-at="2022-02-24T14:35:29 IST" duration-ms="1091" status="PASS">
          <reporter-output>
          </reporter-output>
        </test-method> <!-- later -->
      </class> <!-- Testcases.Productavailability -->
      <class name="Testcases.Demo">
        <test-method is-config="true" signature="initialization()[pri:0, instance:Testcases.Demo@4efc180e]" started-at="2022-02-24T14:33:48 IST" name="initialization" finished-at="2022-02-24T14:33:54 IST" duration-ms="6261" status="PASS">
          <reporter-output>
          </reporter-output>
        </test-method> <!-- initialization -->
        <test-method signature="verifyLogo(java.lang.String,java.lang.String,java.lang.String)[pri:0, instance:Testcases.Demo@4efc180e]" started-at="2022-02-24T14:33:54 IST" name="verifyLogo" data-provider="getrdata" finished-at="2022-02-24T14:34:01 IST" duration-ms="6457" status="PASS">
          <params>
            <param index="0">
              <value>
                <![CDATA[9701763306]]>
              </value>
            </param>
            <param index="1">
              <value>
                <![CDATA[prava@56789]]>
              </value>
            </param>
            <param index="2">
              <value>
                <![CDATA[registered user]]>
              </value>
            </param>
          </params>
          <reporter-output>
          </reporter-output>
        </test-method> <!-- verifyLogo -->
        <test-method is-config="true" signature="closur()[pri:0, instance:Testcases.Demo@4efc180e]" started-at="2022-02-24T14:34:01 IST" name="closur" finished-at="2022-02-24T14:34:02 IST" duration-ms="1334" status="PASS">
          <reporter-output>
          </reporter-output>
        </test-method> <!-- closur -->
      </class> <!-- Testcases.Demo -->
    </test> <!-- Test -->
  </suite> <!-- Suite -->
</testng-results>
