<?xml version="1.0" encoding="UTF-8"?>
<testng-results ignored="6" total="13" passed="7" failed="0" skipped="0">
  <reporter-output>
  </reporter-output>
  <suite started-at="2022-02-25T12:18:07 IST" name="Suite" finished-at="2022-02-25T12:20:43 IST" duration-ms="155754">
    <groups>
      <group name="Regression">
        <method signature="Loginpagetest.loginpage(java.lang.String,java.lang.String,java.lang.String)[pri:0, instance:Testcases.Loginpagetest@31fa1761]" name="loginpage" class="Testcases.Loginpagetest"/>
        <method signature="Productavailability.product(java.lang.String,java.lang.String,java.lang.String)[pri:0, instance:Testcases.Productavailability@194bcebf]" name="product" class="Testcases.Productavailability"/>
      </group> <!-- Regression -->
      <group name="smoke">
        <method signature="Demo.verifyLogo(java.lang.String,java.lang.String,java.lang.String)[pri:0, instance:Testcases.Demo@729d991e]" name="verifyLogo" class="Testcases.Demo"/>
        <method signature="Loginpagetest.loginpage(java.lang.String,java.lang.String,java.lang.String)[pri:0, instance:Testcases.Loginpagetest@31fa1761]" name="loginpage" class="Testcases.Loginpagetest"/>
        <method signature="VerifyProduct.availabilityofproduct(java.lang.String,java.lang.String,java.lang.String)[pri:0, instance:Testcases.VerifyProduct@1de5f259]" name="availabilityofproduct" class="Testcases.VerifyProduct"/>
      </group> <!-- smoke -->
    </groups>
    <test started-at="2022-02-25T12:18:07 IST" name="Test" finished-at="2022-02-25T12:20:43 IST" duration-ms="155754">
      <class name="Testcases.VerifyProduct">
        <test-method is-config="true" signature="initialization()[pri:0, instance:Testcases.VerifyProduct@1de5f259]" started-at="2022-02-25T12:18:07 IST" name="initialization" finished-at="2022-02-25T12:18:47 IST" duration-ms="40048" status="PASS">
          <reporter-output>
          </reporter-output>
        </test-method> <!-- initialization -->
        <test-method signature="availabilityofproduct(java.lang.String,java.lang.String,java.lang.String)[pri:0, instance:Testcases.VerifyProduct@1de5f259]" started-at="2022-02-25T12:18:47 IST" name="availabilityofproduct" data-provider="getrdata" finished-at="2022-02-25T12:19:23 IST" duration-ms="36309" status="PASS">
          <params>
            <param index="0">
              <value>
                <![CDATA[9701763306]]>
              </value>
            </param>
            <param index="1">
              <value>
                <![CDATA[prava@56789]]>
              </value>
            </param>
            <param index="2">
              <value>
                <![CDATA[registered user]]>
              </value>
            </param>
          </params>
          <reporter-output>
          </reporter-output>
        </test-method> <!-- availabilityofproduct -->
        <test-method is-config="true" signature="closur()[pri:0, instance:Testcases.VerifyProduct@1de5f259]" started-at="2022-02-25T12:19:23 IST" name="closur" finished-at="2022-02-25T12:19:26 IST" duration-ms="2200" status="PASS">
          <reporter-output>
          </reporter-output>
        </test-method> <!-- closur -->
      </class> <!-- Testcases.VerifyProduct -->
      <class name="Testcases.Loginpagetest">
        <test-method is-config="true" signature="initialization()[pri:0, instance:Testcases.Loginpagetest@31fa1761]" started-at="2022-02-25T12:19:15 IST" name="initialization" finished-at="2022-02-25T12:19:35 IST" duration-ms="20116" status="PASS">
          <reporter-output>
          </reporter-output>
        </test-method> <!-- initialization -->
        <test-method signature="loginpage(java.lang.String,java.lang.String,java.lang.String)[pri:0, instance:Testcases.Loginpagetest@31fa1761]" started-at="2022-02-25T12:19:35 IST" name="loginpage" data-provider="getdata" finished-at="2022-02-25T12:19:41 IST" duration-ms="5599" status="PASS">
          <params>
            <param index="0">
              <value>
                <![CDATA[9701763306]]>
              </value>
            </param>
            <param index="1">
              <value>
                <![CDATA[prava@56789]]>
              </value>
            </param>
            <param index="2">
              <value>
                <![CDATA[registered user]]>
              </value>
            </param>
          </params>
          <reporter-output>
          </reporter-output>
        </test-method> <!-- loginpage -->
        <test-method is-config="true" signature="closur()[pri:0, instance:Testcases.Loginpagetest@31fa1761]" started-at="2022-02-25T12:19:41 IST" name="closur" finished-at="2022-02-25T12:19:41 IST" duration-ms="799" status="PASS">
          <reporter-output>
          </reporter-output>
        </test-method> <!-- closur -->
        <test-method is-config="true" signature="initialization()[pri:0, instance:Testcases.Loginpagetest@31fa1761]" started-at="2022-02-25T12:19:41 IST" name="initialization" finished-at="2022-02-25T12:19:49 IST" duration-ms="7460" status="PASS">
          <reporter-output>
          </reporter-output>
        </test-method> <!-- initialization -->
        <test-method signature="loginpage(java.lang.String,java.lang.String,java.lang.String)[pri:0, instance:Testcases.Loginpagetest@31fa1761]" started-at="2022-02-25T12:19:49 IST" name="loginpage" data-provider="getdata" finished-at="2022-02-25T12:20:15 IST" duration-ms="26361" status="PASS">
          <params>
            <param index="0">
              <value>
                <![CDATA[7386765247]]>
              </value>
            </param>
            <param index="1">
              <value>
                <![CDATA[rama@1234]]>
              </value>
            </param>
            <param index="2">
              <value>
                <![CDATA[unregistered user]]>
              </value>
            </param>
          </params>
          <reporter-output>
          </reporter-output>
        </test-method> <!-- loginpage -->
        <test-method is-config="true" signature="closur()[pri:0, instance:Testcases.Loginpagetest@31fa1761]" started-at="2022-02-25T12:20:15 IST" name="closur" finished-at="2022-02-25T12:20:16 IST" duration-ms="863" status="PASS">
          <reporter-output>
          </reporter-output>
        </test-method> <!-- closur -->
        <test-method is-config="true" signature="initialization()[pri:0, instance:Testcases.Loginpagetest@31fa1761]" started-at="2022-02-25T12:20:16 IST" name="initialization" finished-at="2022-02-25T12:20:25 IST" duration-ms="8614" status="PASS">
          <reporter-output>
          </reporter-output>
        </test-method> <!-- initialization -->
        <test-method signature="loginpage(java.lang.String,java.lang.String,java.lang.String)[pri:0, instance:Testcases.Loginpagetest@31fa1761]" started-at="2022-02-25T12:20:25 IST" name="loginpage" data-provider="getdata" finished-at="2022-02-25T12:20:29 IST" duration-ms="4314" status="PASS">
          <params>
            <param index="0">
              <value>
                <![CDATA[kjlskjdljs]]>
              </value>
            </param>
            <param index="1">
              <value>
                <![CDATA[jshdjklsd]]>
              </value>
            </param>
            <param index="2">
              <value>
                <![CDATA[bothwrong]]>
              </value>
            </param>
          </params>
          <reporter-output>
          </reporter-output>
        </test-method> <!-- loginpage -->
        <test-method is-config="true" signature="closur()[pri:0, instance:Testcases.Loginpagetest@31fa1761]" started-at="2022-02-25T12:20:29 IST" name="closur" finished-at="2022-02-25T12:20:30 IST" duration-ms="756" status="PASS">
          <reporter-output>
          </reporter-output>
        </test-method> <!-- closur -->
        <test-method is-config="true" signature="initialization()[pri:0, instance:Testcases.Loginpagetest@31fa1761]" started-at="2022-02-25T12:20:30 IST" name="initialization" finished-at="2022-02-25T12:20:38 IST" duration-ms="8010" status="PASS">
          <reporter-output>
          </reporter-output>
        </test-method> <!-- initialization -->
        <test-method signature="loginpage(java.lang.String,java.lang.String,java.lang.String)[pri:0, instance:Testcases.Loginpagetest@31fa1761]" started-at="2022-02-25T12:20:38 IST" name="loginpage" data-provider="getdata" finished-at="2022-02-25T12:20:42 IST" duration-ms="4107" status="PASS">
          <params>
            <param index="0">
              <value>
                <![CDATA[ ]]>
              </value>
            </param>
            <param index="1">
              <value>
                <![CDATA[ ]]>
              </value>
            </param>
            <param index="2">
              <value>
                <![CDATA[nill]]>
              </value>
            </param>
          </params>
          <reporter-output>
          </reporter-output>
        </test-method> <!-- loginpage -->
        <test-method is-config="true" signature="closur()[pri:0, instance:Testcases.Loginpagetest@31fa1761]" started-at="2022-02-25T12:20:42 IST" name="closur" finished-at="2022-02-25T12:20:43 IST" duration-ms="802" status="PASS">
          <reporter-output>
          </reporter-output>
        </test-method> <!-- closur -->
      </class> <!-- Testcases.Loginpagetest -->
      <class name="Testcases.Demo">
        <test-method is-config="true" signature="initialization()[pri:0, instance:Testcases.Demo@729d991e]" started-at="2022-02-25T12:18:07 IST" name="initialization" finished-at="2022-02-25T12:18:44 IST" duration-ms="37320" status="PASS">
          <reporter-output>
          </reporter-output>
        </test-method> <!-- initialization -->
        <test-method signature="verifyLogo(java.lang.String,java.lang.String,java.lang.String)[pri:0, instance:Testcases.Demo@729d991e]" started-at="2022-02-25T12:18:44 IST" name="verifyLogo" data-provider="getrdata" finished-at="2022-02-25T12:19:11 IST" duration-ms="26748" status="PASS">
          <params>
            <param index="0">
              <value>
                <![CDATA[9701763306]]>
              </value>
            </param>
            <param index="1">
              <value>
                <![CDATA[prava@56789]]>
              </value>
            </param>
            <param index="2">
              <value>
                <![CDATA[registered user]]>
              </value>
            </param>
          </params>
          <reporter-output>
          </reporter-output>
        </test-method> <!-- verifyLogo -->
        <test-method is-config="true" signature="closur()[pri:0, instance:Testcases.Demo@729d991e]" started-at="2022-02-25T12:19:11 IST" name="closur" finished-at="2022-02-25T12:19:15 IST" duration-ms="3703" status="PASS">
          <reporter-output>
          </reporter-output>
        </test-method> <!-- closur -->
      </class> <!-- Testcases.Demo -->
      <class name="Testcases.Productavailability">
        <test-method is-config="true" signature="setreports()[pri:0, instance:Testcases.Productavailability@194bcebf]" started-at="2022-02-25T12:18:06 IST" name="setreports" finished-at="2022-02-25T12:18:07 IST" duration-ms="582" status="PASS">
          <reporter-output>
          </reporter-output>
        </test-method> <!-- setreports -->
        <test-method is-config="true" signature="initialization()[pri:0, instance:Testcases.Productavailability@194bcebf]" started-at="2022-02-25T12:18:07 IST" name="initialization" finished-at="2022-02-25T12:18:44 IST" duration-ms="36597" status="PASS">
          <reporter-output>
          </reporter-output>
        </test-method> <!-- initialization -->
        <test-method signature="product(java.lang.String,java.lang.String,java.lang.String)[pri:0, instance:Testcases.Productavailability@194bcebf]" started-at="2022-02-25T12:18:44 IST" name="product" data-provider="getrdata" finished-at="2022-02-25T12:19:42 IST" duration-ms="58524" status="PASS">
          <params>
            <param index="0">
              <value>
                <![CDATA[9701763306]]>
              </value>
            </param>
            <param index="1">
              <value>
                <![CDATA[prava@56789]]>
              </value>
            </param>
            <param index="2">
              <value>
                <![CDATA[registered user]]>
              </value>
            </param>
          </params>
          <reporter-output>
          </reporter-output>
        </test-method> <!-- product -->
        <test-method is-config="true" signature="closur()[pri:0, instance:Testcases.Productavailability@194bcebf]" started-at="2022-02-25T12:19:42 IST" name="closur" finished-at="2022-02-25T12:19:45 IST" duration-ms="2727" status="PASS">
          <reporter-output>
          </reporter-output>
        </test-method> <!-- closur -->
        <test-method is-config="true" signature="later()[pri:0, instance:Testcases.Productavailability@194bcebf]" started-at="2022-02-25T12:20:43 IST" name="later" finished-at="2022-02-25T12:20:44 IST" duration-ms="1270" status="PASS">
          <reporter-output>
          </reporter-output>
        </test-method> <!-- later -->
      </class> <!-- Testcases.Productavailability -->
    </test> <!-- Test -->
  </suite> <!-- Suite -->
</testng-results>
